Thu 17 Nov 2022 11:07:57 INFO  
General Hyper Parameters:
gpu_id = 0
use_gpu = True
seed = 2022
state = INFO
reproducibility = True
data_path = dataset/
checkpoint_dir = saved
show_progress = True
save_dataset = False
dataset_save_path = None
save_dataloaders = False
dataloaders_save_path = None
log_wandb = False

Training Hyper Parameters:
train_batch_size = 2048
learner = adam
learning_rate = 0.001
neg_sampling = {'uniform': 1}
eval_step = 1
stopping_step = 10
clip_grad_norm = None
weight_decay = 0.0
loss_decimal_place = 4
epochs = 300

Evaluation Hyper Parameters:
eval_args = {'split': {'RS': [0.8, 0.1, 0.1]}, 'split_valid': {'RS': [0.8, 0.2]}, 'group_by': 'user', 'order': 'RO', 'mode': 'full'}
repeatable = False
metrics = ['Recall', 'MRR', 'NDCG', 'Hit', 'Precision']
topk = [10]
valid_metric = MRR@10
valid_metric_bigger = True
eval_batch_size = 4096
metric_decimal_place = 4

Dataset Hyper Parameters:
field_separator = 	
source_domain = {'dataset': 'ml-1m', 'data_path': 'C:\\Users\\aaaja\\OneDrive\\Documents\\Desktop\\Minor\\RecBole-CDR-main\\recbole_cdr\\config\\../dataset_example/ml-1m', 'seq_separator': ' ', 'USER_ID_FIELD': 'user_id', 'ITEM_ID_FIELD': 'item_id', 'RATING_FIELD': 'rating', 'TIME_FIELD': 'timestamp', 'NEG_PREFIX': 'neg_', 'LABEL_FIELD': 'label', 'load_col': {'inter': ['user_id', 'item_id', 'rating']}, 'user_inter_num_interval': '[5,inf)', 'item_inter_num_interval': '[5,inf)', 'val_interval': {'rating': '[3,inf)'}, 'drop_filter_field': True}
target_domain = {'dataset': 'ml-100k', 'data_path': 'C:\\Users\\aaaja\\OneDrive\\Documents\\Desktop\\Minor\\RecBole-CDR-main\\recbole_cdr\\config\\../dataset_example/ml-100k', 'seq_separator': ',', 'USER_ID_FIELD': 'user_id', 'ITEM_ID_FIELD': 'item_id', 'RATING_FIELD': 'rating', 'TIME_FIELD': 'timestamp', 'NEG_PREFIX': 'neg_', 'LABEL_FIELD': 'label', 'load_col': {'inter': ['user_id', 'item_id', 'rating']}, 'user_inter_num_interval': '[5,inf)', 'item_inter_num_interval': '[5,inf)', 'val_interval': {'rating': '[3,inf)'}, 'drop_filter_field': True}

Other Hyper Parameters: 
wandb_project = recbole_cdr
train_epochs = ['SOURCE:300', 'TARGET:300', 'OVERLAP:300']
require_pow = False
embedding_size = 64
lambda = 0.25
margin = 1
mlp_hidden_size = [128]
overlap_batch_size = 100
MODEL_TYPE = ModelType.CROSSDOMAIN
MODEL_INPUT_TYPE = InputType.PAIRWISE
eval_type = EvaluatorType.RANKING
train_modes = ['SOURCE', 'TARGET', 'OVERLAP']
epoch_num = ['300', '300', '300']
source_split = True
device = cpu
train_neg_sample_args = {'strategy': 'by', 'by': 1, 'distribution': 'uniform', 'dynamic': 'none'}
eval_neg_sample_args = {'strategy': 'full', 'distribution': 'uniform'}


Thu 17 Nov 2022 11:08:04 INFO  Source domain: ml-1m
The number of users: 6039
Average actions of users: 138.42149718449818
The number of items: 3308
Average actions of items: 252.73329301481706
The number of inters: 835789
The sparsity of the dataset: 95.81624619337467%
Remain Fields: ['source_user_id', 'source_item_id', 'source_rating']
Target domain: ml-100k
The number of users: 944
Average actions of users: 86.64369034994698
The number of items: 1197
Average actions of items: 68.31521739130434
The number of inters: 81705
The sparsity of the dataset: 92.76926426235079%
Remain Fields: ['target_user_id', 'target_item_id', 'target_rating']
Num of overlapped user: 1
Num of overlapped item: 1154
Thu 17 Nov 2022 11:08:07 INFO  [Training]: train_batch_size = [2048] negative sampling: [{'uniform': 1}]
Thu 17 Nov 2022 11:08:07 INFO  [Evaluation]: eval_batch_size = [4096] eval_args: [{'split': {'RS': [0.8, 0.1, 0.1]}, 'split_valid': {'RS': [0.8, 0.2]}, 'group_by': 'user', 'order': 'RO', 'mode': 'full'}]
Thu 17 Nov 2022 11:08:08 INFO  SSCDR(
  (mapping_layer): MLPLayers(
    (mlp_layers): Sequential(
      (0): Dropout(p=0, inplace=False)
      (1): Linear(in_features=64, out_features=128, bias=True)
      (2): Tanh()
      (3): Dropout(p=0, inplace=False)
      (4): Linear(in_features=128, out_features=64, bias=True)
      (5): Tanh()
    )
  )
  (source_user_embedding): Embedding(6982, 64)
  (source_item_embedding): Embedding(3351, 64)
  (target_user_embedding): Embedding(6982, 64)
  (target_item_embedding): Embedding(3351, 64)
  (map_loss): MSELoss()
  (rec_loss): TripletMarginLoss()
)
Trainable parameters: 1339200
Thu 17 Nov 2022 11:08:08 INFO  Start training with SOURCE mode
Thu 17 Nov 2022 11:08:10 INFO  epoch 0 training [time: 2.86s, train loss: 215.5498]
Thu 17 Nov 2022 11:08:16 INFO  epoch 0 evaluating [time: 5.78s, valid_score: 0.122500]
Thu 17 Nov 2022 11:08:16 INFO  valid result: 
recall@10 : 0.0164    mrr@10 : 0.1225    ndcg@10 : 0.0586    hit@10 : 0.3253    precision@10 : 0.0586
Thu 17 Nov 2022 11:08:16 INFO  Saving current: saved\SSCDR-Nov-17-2022_11-08-08.pth
Thu 17 Nov 2022 11:08:19 INFO  epoch 1 training [time: 3.01s, train loss: 160.0057]
Thu 17 Nov 2022 11:08:27 INFO  epoch 1 evaluating [time: 7.65s, valid_score: 0.129500]
Thu 17 Nov 2022 11:08:27 INFO  valid result: 
recall@10 : 0.0176    mrr@10 : 0.1295    ndcg@10 : 0.062    hit@10 : 0.3367    precision@10 : 0.0616
Thu 17 Nov 2022 11:08:27 INFO  Saving current: saved\SSCDR-Nov-17-2022_11-08-08.pth
Thu 17 Nov 2022 11:08:30 INFO  epoch 2 training [time: 3.05s, train loss: 155.8531]
Thu 17 Nov 2022 11:08:40 INFO  epoch 2 evaluating [time: 10.44s, valid_score: 0.179200]
Thu 17 Nov 2022 11:08:40 INFO  valid result: 
recall@10 : 0.0289    mrr@10 : 0.1792    ndcg@10 : 0.0902    hit@10 : 0.4384    precision@10 : 0.0881
Thu 17 Nov 2022 11:08:41 INFO  Saving current: saved\SSCDR-Nov-17-2022_11-08-08.pth
Thu 17 Nov 2022 11:08:44 INFO  epoch 3 training [time: 3.06s, train loss: 154.0595]
Thu 17 Nov 2022 11:08:50 INFO  epoch 3 evaluating [time: 6.93s, valid_score: 0.226300]
Thu 17 Nov 2022 11:08:51 INFO  valid result: 
recall@10 : 0.0396    mrr@10 : 0.2263    ndcg@10 : 0.1136    hit@10 : 0.5045    precision@10 : 0.1074
Thu 17 Nov 2022 11:08:51 INFO  Saving current: saved\SSCDR-Nov-17-2022_11-08-08.pth
Thu 17 Nov 2022 11:08:54 INFO  epoch 4 training [time: 2.98s, train loss: 151.2206]
Thu 17 Nov 2022 11:09:01 INFO  epoch 4 evaluating [time: 6.99s, valid_score: 0.252700]
Thu 17 Nov 2022 11:09:01 INFO  valid result: 
recall@10 : 0.0475    mrr@10 : 0.2527    ndcg@10 : 0.1274    hit@10 : 0.5556    precision@10 : 0.1198
Thu 17 Nov 2022 11:09:01 INFO  Saving current: saved\SSCDR-Nov-17-2022_11-08-08.pth
Thu 17 Nov 2022 11:09:04 INFO  epoch 5 training [time: 3.31s, train loss: 147.5651]
Thu 17 Nov 2022 11:09:21 INFO  epoch 5 evaluating [time: 17.56s, valid_score: 0.275800]
Thu 17 Nov 2022 11:09:21 INFO  valid result: 
recall@10 : 0.0548    mrr@10 : 0.2758    ndcg@10 : 0.1405    hit@10 : 0.5908    precision@10 : 0.1308
Thu 17 Nov 2022 11:09:21 INFO  Saving current: saved\SSCDR-Nov-17-2022_11-08-08.pth
Thu 17 Nov 2022 11:09:31 INFO  epoch 6 training [time: 9.82s, train loss: 142.7758]
Thu 17 Nov 2022 11:09:49 INFO  epoch 6 evaluating [time: 18.14s, valid_score: 0.281500]
Thu 17 Nov 2022 11:09:49 INFO  valid result: 
recall@10 : 0.0585    mrr@10 : 0.2815    ndcg@10 : 0.1461    hit@10 : 0.6057    precision@10 : 0.1367
Thu 17 Nov 2022 11:09:49 INFO  Saving current: saved\SSCDR-Nov-17-2022_11-08-08.pth
Thu 17 Nov 2022 11:09:56 INFO  epoch 7 training [time: 6.26s, train loss: 136.8780]
Thu 17 Nov 2022 11:10:02 INFO  epoch 7 evaluating [time: 6.32s, valid_score: 0.293000]
Thu 17 Nov 2022 11:10:02 INFO  valid result: 
recall@10 : 0.0603    mrr@10 : 0.293    ndcg@10 : 0.1491    hit@10 : 0.6144    precision@10 : 0.1371
Thu 17 Nov 2022 11:10:02 INFO  Saving current: saved\SSCDR-Nov-17-2022_11-08-08.pth
Thu 17 Nov 2022 11:10:04 INFO  epoch 8 training [time: 2.42s, train loss: 131.0697]
Thu 17 Nov 2022 11:10:10 INFO  epoch 8 evaluating [time: 5.27s, valid_score: 0.302700]
Thu 17 Nov 2022 11:10:10 INFO  valid result: 
recall@10 : 0.0658    mrr@10 : 0.3027    ndcg@10 : 0.1565    hit@10 : 0.6335    precision@10 : 0.1439
Thu 17 Nov 2022 11:10:10 INFO  Saving current: saved\SSCDR-Nov-17-2022_11-08-08.pth
Thu 17 Nov 2022 11:10:12 INFO  epoch 9 training [time: 2.32s, train loss: 125.7431]
Thu 17 Nov 2022 11:10:17 INFO  epoch 9 evaluating [time: 5.19s, valid_score: 0.305900]
Thu 17 Nov 2022 11:10:17 INFO  valid result: 
recall@10 : 0.0647    mrr@10 : 0.3059    ndcg@10 : 0.1579    hit@10 : 0.631    precision@10 : 0.1451
Thu 17 Nov 2022 11:10:17 INFO  Saving current: saved\SSCDR-Nov-17-2022_11-08-08.pth
Thu 17 Nov 2022 11:10:20 INFO  epoch 10 training [time: 2.43s, train loss: 122.2545]
Thu 17 Nov 2022 11:10:25 INFO  epoch 10 evaluating [time: 5.13s, valid_score: 0.306800]
Thu 17 Nov 2022 11:10:25 INFO  valid result: 
recall@10 : 0.0647    mrr@10 : 0.3068    ndcg@10 : 0.1587    hit@10 : 0.6378    precision@10 : 0.1463
Thu 17 Nov 2022 11:10:25 INFO  Saving current: saved\SSCDR-Nov-17-2022_11-08-08.pth
Thu 17 Nov 2022 11:10:27 INFO  epoch 11 training [time: 2.45s, train loss: 120.2798]
Thu 17 Nov 2022 11:10:34 INFO  epoch 11 evaluating [time: 6.35s, valid_score: 0.303700]
Thu 17 Nov 2022 11:10:34 INFO  valid result: 
recall@10 : 0.0631    mrr@10 : 0.3037    ndcg@10 : 0.1573    hit@10 : 0.6254    precision@10 : 0.1448
Thu 17 Nov 2022 11:10:36 INFO  epoch 12 training [time: 2.63s, train loss: 119.3678]
Thu 17 Nov 2022 11:10:44 INFO  epoch 12 evaluating [time: 7.25s, valid_score: 0.308800]
Thu 17 Nov 2022 11:10:44 INFO  valid result: 
recall@10 : 0.0632    mrr@10 : 0.3088    ndcg@10 : 0.1586    hit@10 : 0.6265    precision@10 : 0.146
Thu 17 Nov 2022 11:10:44 INFO  Saving current: saved\SSCDR-Nov-17-2022_11-08-08.pth
Thu 17 Nov 2022 11:10:46 INFO  epoch 13 training [time: 2.54s, train loss: 118.7421]
Thu 17 Nov 2022 11:10:52 INFO  epoch 13 evaluating [time: 5.92s, valid_score: 0.298800]
Thu 17 Nov 2022 11:10:52 INFO  valid result: 
recall@10 : 0.0635    mrr@10 : 0.2988    ndcg@10 : 0.1572    hit@10 : 0.6272    precision@10 : 0.1461
Thu 17 Nov 2022 11:10:55 INFO  epoch 14 training [time: 3.05s, train loss: 118.2110]
Thu 17 Nov 2022 11:11:05 INFO  epoch 14 evaluating [time: 9.50s, valid_score: 0.299800]
Thu 17 Nov 2022 11:11:05 INFO  valid result: 
recall@10 : 0.0634    mrr@10 : 0.2998    ndcg@10 : 0.1578    hit@10 : 0.6239    precision@10 : 0.1465
Thu 17 Nov 2022 11:11:08 INFO  epoch 15 training [time: 3.63s, train loss: 118.4205]
Thu 17 Nov 2022 11:11:15 INFO  epoch 15 evaluating [time: 6.26s, valid_score: 0.305100]
Thu 17 Nov 2022 11:11:15 INFO  valid result: 
recall@10 : 0.0647    mrr@10 : 0.3051    ndcg@10 : 0.1602    hit@10 : 0.637    precision@10 : 0.148
Thu 17 Nov 2022 11:11:17 INFO  epoch 16 training [time: 2.61s, train loss: 118.0910]
Thu 17 Nov 2022 11:11:23 INFO  epoch 16 evaluating [time: 5.92s, valid_score: 0.308300]
Thu 17 Nov 2022 11:11:23 INFO  valid result: 
recall@10 : 0.0649    mrr@10 : 0.3083    ndcg@10 : 0.1607    hit@10 : 0.6346    precision@10 : 0.1485
Thu 17 Nov 2022 11:11:26 INFO  epoch 17 training [time: 2.52s, train loss: 117.8668]
Thu 17 Nov 2022 11:11:32 INFO  epoch 17 evaluating [time: 6.08s, valid_score: 0.306000]
Thu 17 Nov 2022 11:11:32 INFO  valid result: 
recall@10 : 0.0641    mrr@10 : 0.306    ndcg@10 : 0.1601    hit@10 : 0.6293    precision@10 : 0.1481
Thu 17 Nov 2022 11:11:35 INFO  epoch 18 training [time: 2.98s, train loss: 118.1755]
Thu 17 Nov 2022 11:11:41 INFO  epoch 18 evaluating [time: 5.91s, valid_score: 0.306200]
Thu 17 Nov 2022 11:11:41 INFO  valid result: 
recall@10 : 0.0645    mrr@10 : 0.3062    ndcg@10 : 0.1602    hit@10 : 0.6373    precision@10 : 0.1484
Thu 17 Nov 2022 11:11:43 INFO  epoch 19 training [time: 2.54s, train loss: 117.7830]
Thu 17 Nov 2022 11:11:49 INFO  epoch 19 evaluating [time: 5.79s, valid_score: 0.309900]
Thu 17 Nov 2022 11:11:49 INFO  valid result: 
recall@10 : 0.0655    mrr@10 : 0.3099    ndcg@10 : 0.1623    hit@10 : 0.6386    precision@10 : 0.1499
Thu 17 Nov 2022 11:11:49 INFO  Saving current: saved\SSCDR-Nov-17-2022_11-08-08.pth
Thu 17 Nov 2022 11:11:51 INFO  epoch 20 training [time: 2.56s, train loss: 117.9118]
Thu 17 Nov 2022 11:11:57 INFO  epoch 20 evaluating [time: 5.75s, valid_score: 0.309600]
Thu 17 Nov 2022 11:11:57 INFO  valid result: 
recall@10 : 0.0651    mrr@10 : 0.3096    ndcg@10 : 0.1611    hit@10 : 0.6395    precision@10 : 0.1486
Thu 17 Nov 2022 11:12:00 INFO  epoch 21 training [time: 2.60s, train loss: 117.9928]
Thu 17 Nov 2022 11:12:06 INFO  epoch 21 evaluating [time: 5.95s, valid_score: 0.314800]
Thu 17 Nov 2022 11:12:06 INFO  valid result: 
recall@10 : 0.0659    mrr@10 : 0.3148    ndcg@10 : 0.1636    hit@10 : 0.6383    precision@10 : 0.1501
Thu 17 Nov 2022 11:12:06 INFO  Saving current: saved\SSCDR-Nov-17-2022_11-08-08.pth
Thu 17 Nov 2022 11:12:08 INFO  epoch 22 training [time: 2.50s, train loss: 117.7650]
Thu 17 Nov 2022 11:12:23 INFO  epoch 22 evaluating [time: 15.09s, valid_score: 0.313100]
Thu 17 Nov 2022 11:12:23 INFO  valid result: 
recall@10 : 0.0676    mrr@10 : 0.3131    ndcg@10 : 0.1653    hit@10 : 0.6438    precision@10 : 0.1525
Thu 17 Nov 2022 11:12:30 INFO  epoch 23 training [time: 6.34s, train loss: 117.5908]
Thu 17 Nov 2022 11:12:46 INFO  epoch 23 evaluating [time: 16.34s, valid_score: 0.314800]
Thu 17 Nov 2022 11:12:46 INFO  valid result: 
recall@10 : 0.0675    mrr@10 : 0.3148    ndcg@10 : 0.166    hit@10 : 0.6434    precision@10 : 0.1529
Thu 17 Nov 2022 11:12:46 INFO  Saving current: saved\SSCDR-Nov-17-2022_11-08-08.pth
Thu 17 Nov 2022 11:12:52 INFO  epoch 24 training [time: 6.31s, train loss: 117.7619]
Thu 17 Nov 2022 11:13:09 INFO  epoch 24 evaluating [time: 16.62s, valid_score: 0.317800]
Thu 17 Nov 2022 11:13:09 INFO  valid result: 
recall@10 : 0.0679    mrr@10 : 0.3178    ndcg@10 : 0.1666    hit@10 : 0.6491    precision@10 : 0.1532
Thu 17 Nov 2022 11:13:09 INFO  Saving current: saved\SSCDR-Nov-17-2022_11-08-08.pth
Thu 17 Nov 2022 11:13:15 INFO  epoch 25 training [time: 6.16s, train loss: 117.6507]
Thu 17 Nov 2022 11:13:32 INFO  epoch 25 evaluating [time: 16.32s, valid_score: 0.309100]
Thu 17 Nov 2022 11:13:32 INFO  valid result: 
recall@10 : 0.0677    mrr@10 : 0.3091    ndcg@10 : 0.165    hit@10 : 0.6446    precision@10 : 0.1528
Thu 17 Nov 2022 11:13:38 INFO  epoch 26 training [time: 6.33s, train loss: 117.7371]
Thu 17 Nov 2022 11:13:54 INFO  epoch 26 evaluating [time: 16.39s, valid_score: 0.320700]
Thu 17 Nov 2022 11:13:54 INFO  valid result: 
recall@10 : 0.0675    mrr@10 : 0.3207    ndcg@10 : 0.1668    hit@10 : 0.6459    precision@10 : 0.1531
Thu 17 Nov 2022 11:13:54 INFO  Saving current: saved\SSCDR-Nov-17-2022_11-08-08.pth
Thu 17 Nov 2022 11:14:00 INFO  epoch 27 training [time: 6.18s, train loss: 118.2005]
Thu 17 Nov 2022 11:14:17 INFO  epoch 27 evaluating [time: 16.47s, valid_score: 0.313100]
Thu 17 Nov 2022 11:14:17 INFO  valid result: 
recall@10 : 0.0662    mrr@10 : 0.3131    ndcg@10 : 0.1639    hit@10 : 0.6406    precision@10 : 0.1511
Thu 17 Nov 2022 11:14:23 INFO  epoch 28 training [time: 6.15s, train loss: 117.8409]
Thu 17 Nov 2022 11:14:40 INFO  epoch 28 evaluating [time: 16.89s, valid_score: 0.321900]
Thu 17 Nov 2022 11:14:40 INFO  valid result: 
recall@10 : 0.0679    mrr@10 : 0.3219    ndcg@10 : 0.1673    hit@10 : 0.6464    precision@10 : 0.1539
Thu 17 Nov 2022 11:14:40 INFO  Saving current: saved\SSCDR-Nov-17-2022_11-08-08.pth
Thu 17 Nov 2022 11:14:46 INFO  epoch 29 training [time: 6.24s, train loss: 117.8085]
Thu 17 Nov 2022 11:15:03 INFO  epoch 29 evaluating [time: 17.16s, valid_score: 0.312500]
Thu 17 Nov 2022 11:15:03 INFO  valid result: 
recall@10 : 0.0681    mrr@10 : 0.3125    ndcg@10 : 0.1661    hit@10 : 0.6496    precision@10 : 0.1545
Thu 17 Nov 2022 11:15:10 INFO  epoch 30 training [time: 6.31s, train loss: 117.9089]
Thu 17 Nov 2022 11:15:27 INFO  epoch 30 evaluating [time: 17.31s, valid_score: 0.314700]
Thu 17 Nov 2022 11:15:27 INFO  valid result: 
recall@10 : 0.0682    mrr@10 : 0.3147    ndcg@10 : 0.1666    hit@10 : 0.6487    precision@10 : 0.1544
Thu 17 Nov 2022 11:15:33 INFO  epoch 31 training [time: 6.17s, train loss: 117.9592]
Thu 17 Nov 2022 11:15:44 INFO  epoch 31 evaluating [time: 10.46s, valid_score: 0.313800]
Thu 17 Nov 2022 11:15:44 INFO  valid result: 
recall@10 : 0.0679    mrr@10 : 0.3138    ndcg@10 : 0.1667    hit@10 : 0.6499    precision@10 : 0.1547
Thu 17 Nov 2022 11:15:46 INFO  epoch 32 training [time: 2.47s, train loss: 117.5482]
Thu 17 Nov 2022 11:15:51 INFO  epoch 32 evaluating [time: 5.15s, valid_score: 0.313800]
Thu 17 Nov 2022 11:15:51 INFO  valid result: 
recall@10 : 0.068    mrr@10 : 0.3138    ndcg@10 : 0.1662    hit@10 : 0.6449    precision@10 : 0.1538
Thu 17 Nov 2022 11:15:54 INFO  epoch 33 training [time: 2.43s, train loss: 117.8913]
Thu 17 Nov 2022 11:16:00 INFO  epoch 33 evaluating [time: 5.68s, valid_score: 0.318200]
Thu 17 Nov 2022 11:16:00 INFO  valid result: 
recall@10 : 0.0681    mrr@10 : 0.3182    ndcg@10 : 0.1683    hit@10 : 0.6438    precision@10 : 0.1553
Thu 17 Nov 2022 11:16:02 INFO  epoch 34 training [time: 2.32s, train loss: 117.7763]
Thu 17 Nov 2022 11:16:07 INFO  epoch 34 evaluating [time: 5.25s, valid_score: 0.319000]
Thu 17 Nov 2022 11:16:07 INFO  valid result: 
recall@10 : 0.0677    mrr@10 : 0.319    ndcg@10 : 0.1673    hit@10 : 0.6444    precision@10 : 0.1542
Thu 17 Nov 2022 11:16:09 INFO  epoch 35 training [time: 2.32s, train loss: 117.7490]
Thu 17 Nov 2022 11:16:14 INFO  epoch 35 evaluating [time: 5.10s, valid_score: 0.316600]
Thu 17 Nov 2022 11:16:14 INFO  valid result: 
recall@10 : 0.0685    mrr@10 : 0.3166    ndcg@10 : 0.1672    hit@10 : 0.6491    precision@10 : 0.1544
Thu 17 Nov 2022 11:16:17 INFO  epoch 36 training [time: 2.38s, train loss: 117.7813]
Thu 17 Nov 2022 11:16:22 INFO  epoch 36 evaluating [time: 5.05s, valid_score: 0.317600]
Thu 17 Nov 2022 11:16:22 INFO  valid result: 
recall@10 : 0.0689    mrr@10 : 0.3176    ndcg@10 : 0.1687    hit@10 : 0.651    precision@10 : 0.156
Thu 17 Nov 2022 11:16:24 INFO  epoch 37 training [time: 2.51s, train loss: 117.7336]
Thu 17 Nov 2022 11:16:30 INFO  epoch 37 evaluating [time: 5.63s, valid_score: 0.315400]
Thu 17 Nov 2022 11:16:30 INFO  valid result: 
recall@10 : 0.067    mrr@10 : 0.3154    ndcg@10 : 0.1664    hit@10 : 0.6444    precision@10 : 0.1537
Thu 17 Nov 2022 11:16:33 INFO  epoch 38 training [time: 2.50s, train loss: 117.6187]
Thu 17 Nov 2022 11:16:38 INFO  epoch 38 evaluating [time: 5.55s, valid_score: 0.320400]
Thu 17 Nov 2022 11:16:38 INFO  valid result: 
recall@10 : 0.0695    mrr@10 : 0.3204    ndcg@10 : 0.1699    hit@10 : 0.654    precision@10 : 0.1571
Thu 17 Nov 2022 11:16:41 INFO  epoch 39 training [time: 2.51s, train loss: 117.5522]
Thu 17 Nov 2022 11:16:46 INFO  epoch 39 evaluating [time: 5.83s, valid_score: 0.321100]
Thu 17 Nov 2022 11:16:47 INFO  valid result: 
recall@10 : 0.0704    mrr@10 : 0.3211    ndcg@10 : 0.1711    hit@10 : 0.6544    precision@10 : 0.1579
Thu 17 Nov 2022 11:16:47 INFO  Finished training, best eval result in epoch 28
Thu 17 Nov 2022 11:16:47 INFO  Start training with TARGET mode
Thu 17 Nov 2022 11:16:47 INFO  epoch 0 training [time: 0.51s, train loss: 31.4130]
Thu 17 Nov 2022 11:16:47 INFO  epoch 0 evaluating [time: 0.28s, valid_score: 0.122100]
Thu 17 Nov 2022 11:16:47 INFO  valid result: 
recall@10 : 0.0569    mrr@10 : 0.1221    ndcg@10 : 0.0618    hit@10 : 0.3404    precision@10 : 0.0503
Thu 17 Nov 2022 11:16:47 INFO  Saving current: saved\SSCDR-Nov-17-2022_11-08-08.pth
Thu 17 Nov 2022 11:16:48 INFO  epoch 1 training [time: 0.43s, train loss: 27.9956]
Thu 17 Nov 2022 11:16:48 INFO  epoch 1 evaluating [time: 0.25s, valid_score: 0.160100]
Thu 17 Nov 2022 11:16:48 INFO  valid result: 
recall@10 : 0.0908    mrr@10 : 0.1601    ndcg@10 : 0.0909    hit@10 : 0.4168    precision@10 : 0.0685
Thu 17 Nov 2022 11:16:48 INFO  Saving current: saved\SSCDR-Nov-17-2022_11-08-08.pth
Thu 17 Nov 2022 11:16:49 INFO  epoch 2 training [time: 0.45s, train loss: 24.4745]
Thu 17 Nov 2022 11:16:49 INFO  epoch 2 evaluating [time: 0.31s, valid_score: 0.171600]
Thu 17 Nov 2022 11:16:49 INFO  valid result: 
recall@10 : 0.1093    mrr@10 : 0.1716    ndcg@10 : 0.0983    hit@10 : 0.4422    precision@10 : 0.0732
Thu 17 Nov 2022 11:16:49 INFO  Saving current: saved\SSCDR-Nov-17-2022_11-08-08.pth
Thu 17 Nov 2022 11:16:49 INFO  epoch 3 training [time: 0.45s, train loss: 21.6166]
Thu 17 Nov 2022 11:16:50 INFO  epoch 3 evaluating [time: 0.27s, valid_score: 0.151700]
Thu 17 Nov 2022 11:16:50 INFO  valid result: 
recall@10 : 0.0929    mrr@10 : 0.1517    ndcg@10 : 0.0868    hit@10 : 0.4083    precision@10 : 0.0628
Thu 17 Nov 2022 11:16:50 INFO  epoch 4 training [time: 0.47s, train loss: 19.3701]
Thu 17 Nov 2022 11:16:51 INFO  epoch 4 evaluating [time: 0.68s, valid_score: 0.152700]
Thu 17 Nov 2022 11:16:51 INFO  valid result: 
recall@10 : 0.0957    mrr@10 : 0.1527    ndcg@10 : 0.0873    hit@10 : 0.4199    precision@10 : 0.0637
Thu 17 Nov 2022 11:16:52 INFO  epoch 5 training [time: 0.89s, train loss: 18.6011]
Thu 17 Nov 2022 11:16:52 INFO  epoch 5 evaluating [time: 0.67s, valid_score: 0.145000]
Thu 17 Nov 2022 11:16:52 INFO  valid result: 
recall@10 : 0.0899    mrr@10 : 0.145    ndcg@10 : 0.0831    hit@10 : 0.4051    precision@10 : 0.0619
Thu 17 Nov 2022 11:16:53 INFO  epoch 6 training [time: 0.92s, train loss: 18.3431]
Thu 17 Nov 2022 11:16:54 INFO  epoch 6 evaluating [time: 0.70s, valid_score: 0.159400]
Thu 17 Nov 2022 11:16:54 INFO  valid result: 
recall@10 : 0.0992    mrr@10 : 0.1594    ndcg@10 : 0.0885    hit@10 : 0.4178    precision@10 : 0.0648
Thu 17 Nov 2022 11:16:55 INFO  epoch 7 training [time: 0.89s, train loss: 18.0016]
Thu 17 Nov 2022 11:16:56 INFO  epoch 7 evaluating [time: 0.70s, valid_score: 0.143400]
Thu 17 Nov 2022 11:16:56 INFO  valid result: 
recall@10 : 0.0887    mrr@10 : 0.1434    ndcg@10 : 0.0842    hit@10 : 0.3998    precision@10 : 0.0609
Thu 17 Nov 2022 11:16:56 INFO  epoch 8 training [time: 0.89s, train loss: 18.0165]
Thu 17 Nov 2022 11:16:57 INFO  epoch 8 evaluating [time: 0.67s, valid_score: 0.154000]
Thu 17 Nov 2022 11:16:57 INFO  valid result: 
recall@10 : 0.0948    mrr@10 : 0.154    ndcg@10 : 0.088    hit@10 : 0.4062    precision@10 : 0.0619
Thu 17 Nov 2022 11:16:58 INFO  epoch 9 training [time: 0.86s, train loss: 17.8696]
Thu 17 Nov 2022 11:16:59 INFO  epoch 9 evaluating [time: 0.65s, valid_score: 0.148500]
Thu 17 Nov 2022 11:16:59 INFO  valid result: 
recall@10 : 0.0933    mrr@10 : 0.1485    ndcg@10 : 0.0849    hit@10 : 0.4231    precision@10 : 0.0639
Thu 17 Nov 2022 11:17:00 INFO  epoch 10 training [time: 0.88s, train loss: 17.7619]
Thu 17 Nov 2022 11:17:00 INFO  epoch 10 evaluating [time: 0.65s, valid_score: 0.175900]
Thu 17 Nov 2022 11:17:00 INFO  valid result: 
recall@10 : 0.1075    mrr@10 : 0.1759    ndcg@10 : 0.1003    hit@10 : 0.4592    precision@10 : 0.0712
Thu 17 Nov 2022 11:17:00 INFO  Saving current: saved\SSCDR-Nov-17-2022_11-08-08.pth
Thu 17 Nov 2022 11:17:01 INFO  epoch 11 training [time: 0.87s, train loss: 17.8102]
Thu 17 Nov 2022 11:17:02 INFO  epoch 11 evaluating [time: 0.65s, valid_score: 0.175400]
Thu 17 Nov 2022 11:17:02 INFO  valid result: 
recall@10 : 0.1088    mrr@10 : 0.1754    ndcg@10 : 0.1009    hit@10 : 0.4369    precision@10 : 0.0679
Thu 17 Nov 2022 11:17:03 INFO  epoch 12 training [time: 0.88s, train loss: 17.7762]
Thu 17 Nov 2022 11:17:03 INFO  epoch 12 evaluating [time: 0.69s, valid_score: 0.165800]
Thu 17 Nov 2022 11:17:03 INFO  valid result: 
recall@10 : 0.1044    mrr@10 : 0.1658    ndcg@10 : 0.0938    hit@10 : 0.4433    precision@10 : 0.0678
Thu 17 Nov 2022 11:17:04 INFO  epoch 13 training [time: 0.89s, train loss: 17.7447]
Thu 17 Nov 2022 11:17:05 INFO  epoch 13 evaluating [time: 0.64s, valid_score: 0.188700]
Thu 17 Nov 2022 11:17:05 INFO  valid result: 
recall@10 : 0.1108    mrr@10 : 0.1887    ndcg@10 : 0.1063    hit@10 : 0.4655    precision@10 : 0.0754
Thu 17 Nov 2022 11:17:05 INFO  Saving current: saved\SSCDR-Nov-17-2022_11-08-08.pth
Thu 17 Nov 2022 11:17:06 INFO  epoch 14 training [time: 0.89s, train loss: 17.6073]
Thu 17 Nov 2022 11:17:06 INFO  epoch 14 evaluating [time: 0.67s, valid_score: 0.175400]
Thu 17 Nov 2022 11:17:06 INFO  valid result: 
recall@10 : 0.1069    mrr@10 : 0.1754    ndcg@10 : 0.0997    hit@10 : 0.4507    precision@10 : 0.0719
Thu 17 Nov 2022 11:17:07 INFO  epoch 15 training [time: 0.88s, train loss: 17.6619]
Thu 17 Nov 2022 11:17:08 INFO  epoch 15 evaluating [time: 0.62s, valid_score: 0.185800]
Thu 17 Nov 2022 11:17:08 INFO  valid result: 
recall@10 : 0.1187    mrr@10 : 0.1858    ndcg@10 : 0.1081    hit@10 : 0.4814    precision@10 : 0.0754
Thu 17 Nov 2022 11:17:09 INFO  epoch 16 training [time: 0.90s, train loss: 17.5205]
Thu 17 Nov 2022 11:17:09 INFO  epoch 16 evaluating [time: 0.63s, valid_score: 0.197500]
Thu 17 Nov 2022 11:17:09 INFO  valid result: 
recall@10 : 0.1159    mrr@10 : 0.1975    ndcg@10 : 0.1113    hit@10 : 0.474    precision@10 : 0.0764
Thu 17 Nov 2022 11:17:10 INFO  Saving current: saved\SSCDR-Nov-17-2022_11-08-08.pth
Thu 17 Nov 2022 11:17:10 INFO  epoch 17 training [time: 0.87s, train loss: 17.4968]
Thu 17 Nov 2022 11:17:11 INFO  epoch 17 evaluating [time: 0.64s, valid_score: 0.192300]
Thu 17 Nov 2022 11:17:11 INFO  valid result: 
recall@10 : 0.1119    mrr@10 : 0.1923    ndcg@10 : 0.1095    hit@10 : 0.4772    precision@10 : 0.076
Thu 17 Nov 2022 11:17:12 INFO  epoch 18 training [time: 0.95s, train loss: 17.3359]
Thu 17 Nov 2022 11:17:13 INFO  epoch 18 evaluating [time: 0.64s, valid_score: 0.181600]
Thu 17 Nov 2022 11:17:13 INFO  valid result: 
recall@10 : 0.1145    mrr@10 : 0.1816    ndcg@10 : 0.1065    hit@10 : 0.4655    precision@10 : 0.0754
Thu 17 Nov 2022 11:17:14 INFO  epoch 19 training [time: 1.39s, train loss: 17.3148]
Thu 17 Nov 2022 11:17:15 INFO  epoch 19 evaluating [time: 0.66s, valid_score: 0.171800]
Thu 17 Nov 2022 11:17:15 INFO  valid result: 
recall@10 : 0.1088    mrr@10 : 0.1718    ndcg@10 : 0.101    hit@10 : 0.4677    precision@10 : 0.0758
Thu 17 Nov 2022 11:17:16 INFO  epoch 20 training [time: 1.70s, train loss: 17.4541]
Thu 17 Nov 2022 11:17:17 INFO  epoch 20 evaluating [time: 0.66s, valid_score: 0.187000]
Thu 17 Nov 2022 11:17:17 INFO  valid result: 
recall@10 : 0.117    mrr@10 : 0.187    ndcg@10 : 0.1067    hit@10 : 0.4899    precision@10 : 0.0767
Thu 17 Nov 2022 11:17:19 INFO  epoch 21 training [time: 1.78s, train loss: 17.3489]
Thu 17 Nov 2022 11:17:20 INFO  epoch 21 evaluating [time: 0.63s, valid_score: 0.191300]
Thu 17 Nov 2022 11:17:20 INFO  valid result: 
recall@10 : 0.1205    mrr@10 : 0.1913    ndcg@10 : 0.1142    hit@10 : 0.4846    precision@10 : 0.0787
Thu 17 Nov 2022 11:17:21 INFO  epoch 22 training [time: 1.75s, train loss: 17.2075]
Thu 17 Nov 2022 11:17:22 INFO  epoch 22 evaluating [time: 0.66s, valid_score: 0.196000]
Thu 17 Nov 2022 11:17:22 INFO  valid result: 
recall@10 : 0.1285    mrr@10 : 0.196    ndcg@10 : 0.1155    hit@10 : 0.5016    precision@10 : 0.0807
Thu 17 Nov 2022 11:17:24 INFO  epoch 23 training [time: 1.73s, train loss: 17.1117]
Thu 17 Nov 2022 11:17:24 INFO  epoch 23 evaluating [time: 0.65s, valid_score: 0.190200]
Thu 17 Nov 2022 11:17:24 INFO  valid result: 
recall@10 : 0.1153    mrr@10 : 0.1902    ndcg@10 : 0.1078    hit@10 : 0.4836    precision@10 : 0.0775
Thu 17 Nov 2022 11:17:26 INFO  epoch 24 training [time: 1.71s, train loss: 16.9873]
Thu 17 Nov 2022 11:17:27 INFO  epoch 24 evaluating [time: 0.62s, valid_score: 0.201500]
Thu 17 Nov 2022 11:17:27 INFO  valid result: 
recall@10 : 0.127    mrr@10 : 0.2015    ndcg@10 : 0.1192    hit@10 : 0.4942    precision@10 : 0.0819
Thu 17 Nov 2022 11:17:27 INFO  Saving current: saved\SSCDR-Nov-17-2022_11-08-08.pth
Thu 17 Nov 2022 11:17:28 INFO  epoch 25 training [time: 1.67s, train loss: 16.9934]
Thu 17 Nov 2022 11:17:29 INFO  epoch 25 evaluating [time: 0.63s, valid_score: 0.193900]
Thu 17 Nov 2022 11:17:29 INFO  valid result: 
recall@10 : 0.128    mrr@10 : 0.1939    ndcg@10 : 0.1152    hit@10 : 0.5005    precision@10 : 0.0826
Thu 17 Nov 2022 11:17:31 INFO  epoch 26 training [time: 1.66s, train loss: 16.8527]
Thu 17 Nov 2022 11:17:31 INFO  epoch 26 evaluating [time: 0.67s, valid_score: 0.204400]
Thu 17 Nov 2022 11:17:31 INFO  valid result: 
recall@10 : 0.1282    mrr@10 : 0.2044    ndcg@10 : 0.1167    hit@10 : 0.5101    precision@10 : 0.0809
Thu 17 Nov 2022 11:17:31 INFO  Saving current: saved\SSCDR-Nov-17-2022_11-08-08.pth
Thu 17 Nov 2022 11:17:33 INFO  epoch 27 training [time: 1.68s, train loss: 16.6969]
Thu 17 Nov 2022 11:17:34 INFO  epoch 27 evaluating [time: 0.66s, valid_score: 0.187100]
Thu 17 Nov 2022 11:17:34 INFO  valid result: 
recall@10 : 0.1226    mrr@10 : 0.1871    ndcg@10 : 0.1125    hit@10 : 0.4899    precision@10 : 0.0793
Thu 17 Nov 2022 11:17:35 INFO  epoch 28 training [time: 1.67s, train loss: 16.6405]
Thu 17 Nov 2022 11:17:36 INFO  epoch 28 evaluating [time: 0.64s, valid_score: 0.201200]
Thu 17 Nov 2022 11:17:36 INFO  valid result: 
recall@10 : 0.1181    mrr@10 : 0.2012    ndcg@10 : 0.1128    hit@10 : 0.4867    precision@10 : 0.0777
Thu 17 Nov 2022 11:17:38 INFO  epoch 29 training [time: 1.63s, train loss: 16.5170]
Thu 17 Nov 2022 11:17:38 INFO  epoch 29 evaluating [time: 0.65s, valid_score: 0.184600]
Thu 17 Nov 2022 11:17:38 INFO  valid result: 
recall@10 : 0.1218    mrr@10 : 0.1846    ndcg@10 : 0.1103    hit@10 : 0.4899    precision@10 : 0.0787
Thu 17 Nov 2022 11:17:40 INFO  epoch 30 training [time: 1.64s, train loss: 16.4336]
Thu 17 Nov 2022 11:17:41 INFO  epoch 30 evaluating [time: 0.65s, valid_score: 0.206900]
Thu 17 Nov 2022 11:17:41 INFO  valid result: 
recall@10 : 0.1255    mrr@10 : 0.2069    ndcg@10 : 0.1175    hit@10 : 0.5016    precision@10 : 0.0805
Thu 17 Nov 2022 11:17:41 INFO  Saving current: saved\SSCDR-Nov-17-2022_11-08-08.pth
Thu 17 Nov 2022 11:17:42 INFO  epoch 31 training [time: 1.68s, train loss: 16.2628]
Thu 17 Nov 2022 11:17:43 INFO  epoch 31 evaluating [time: 0.66s, valid_score: 0.206300]
Thu 17 Nov 2022 11:17:43 INFO  valid result: 
recall@10 : 0.1237    mrr@10 : 0.2063    ndcg@10 : 0.1175    hit@10 : 0.4984    precision@10 : 0.0804
Thu 17 Nov 2022 11:17:45 INFO  epoch 32 training [time: 1.70s, train loss: 16.1604]
Thu 17 Nov 2022 11:17:45 INFO  epoch 32 evaluating [time: 0.65s, valid_score: 0.204200]
Thu 17 Nov 2022 11:17:45 INFO  valid result: 
recall@10 : 0.1273    mrr@10 : 0.2042    ndcg@10 : 0.118    hit@10 : 0.4942    precision@10 : 0.0808
Thu 17 Nov 2022 11:17:47 INFO  epoch 33 training [time: 1.70s, train loss: 16.0389]
Thu 17 Nov 2022 11:17:48 INFO  epoch 33 evaluating [time: 0.66s, valid_score: 0.195500]
Thu 17 Nov 2022 11:17:48 INFO  valid result: 
recall@10 : 0.1246    mrr@10 : 0.1955    ndcg@10 : 0.1138    hit@10 : 0.4899    precision@10 : 0.0791
Thu 17 Nov 2022 11:17:49 INFO  epoch 34 training [time: 1.69s, train loss: 15.9096]
Thu 17 Nov 2022 11:17:50 INFO  epoch 34 evaluating [time: 0.66s, valid_score: 0.196800]
Thu 17 Nov 2022 11:17:50 INFO  valid result: 
recall@10 : 0.126    mrr@10 : 0.1968    ndcg@10 : 0.114    hit@10 : 0.4942    precision@10 : 0.0807
Thu 17 Nov 2022 11:17:52 INFO  epoch 35 training [time: 1.64s, train loss: 15.7263]
Thu 17 Nov 2022 11:17:52 INFO  epoch 35 evaluating [time: 0.67s, valid_score: 0.204000]
Thu 17 Nov 2022 11:17:52 INFO  valid result: 
recall@10 : 0.126    mrr@10 : 0.204    ndcg@10 : 0.1164    hit@10 : 0.5058    precision@10 : 0.082
Thu 17 Nov 2022 11:17:54 INFO  epoch 36 training [time: 1.67s, train loss: 15.4982]
Thu 17 Nov 2022 11:17:55 INFO  epoch 36 evaluating [time: 0.69s, valid_score: 0.198400]
Thu 17 Nov 2022 11:17:55 INFO  valid result: 
recall@10 : 0.1295    mrr@10 : 0.1984    ndcg@10 : 0.1157    hit@10 : 0.5101    precision@10 : 0.0823
Thu 17 Nov 2022 11:17:57 INFO  epoch 37 training [time: 1.70s, train loss: 15.3673]
Thu 17 Nov 2022 11:17:57 INFO  epoch 37 evaluating [time: 0.63s, valid_score: 0.206600]
Thu 17 Nov 2022 11:17:57 INFO  valid result: 
recall@10 : 0.1275    mrr@10 : 0.2066    ndcg@10 : 0.1179    hit@10 : 0.5016    precision@10 : 0.0811
Thu 17 Nov 2022 11:17:59 INFO  epoch 38 training [time: 1.67s, train loss: 15.2630]
Thu 17 Nov 2022 11:17:59 INFO  epoch 38 evaluating [time: 0.63s, valid_score: 0.199900]
Thu 17 Nov 2022 11:17:59 INFO  valid result: 
recall@10 : 0.1264    mrr@10 : 0.1999    ndcg@10 : 0.1164    hit@10 : 0.4984    precision@10 : 0.0803
Thu 17 Nov 2022 11:18:01 INFO  epoch 39 training [time: 1.66s, train loss: 15.0766]
Thu 17 Nov 2022 11:18:02 INFO  epoch 39 evaluating [time: 0.66s, valid_score: 0.209200]
Thu 17 Nov 2022 11:18:02 INFO  valid result: 
recall@10 : 0.1228    mrr@10 : 0.2092    ndcg@10 : 0.1198    hit@10 : 0.4984    precision@10 : 0.0814
Thu 17 Nov 2022 11:18:02 INFO  Saving current: saved\SSCDR-Nov-17-2022_11-08-08.pth
Thu 17 Nov 2022 11:18:03 INFO  epoch 40 training [time: 1.63s, train loss: 14.9284]
Thu 17 Nov 2022 11:18:04 INFO  epoch 40 evaluating [time: 0.65s, valid_score: 0.199500]
Thu 17 Nov 2022 11:18:04 INFO  valid result: 
recall@10 : 0.1243    mrr@10 : 0.1995    ndcg@10 : 0.1181    hit@10 : 0.4942    precision@10 : 0.082
Thu 17 Nov 2022 11:18:06 INFO  epoch 41 training [time: 1.69s, train loss: 14.7472]
Thu 17 Nov 2022 11:18:06 INFO  epoch 41 evaluating [time: 0.65s, valid_score: 0.196500]
Thu 17 Nov 2022 11:18:06 INFO  valid result: 
recall@10 : 0.1301    mrr@10 : 0.1965    ndcg@10 : 0.1178    hit@10 : 0.4899    precision@10 : 0.0826
Thu 17 Nov 2022 11:18:08 INFO  epoch 42 training [time: 1.64s, train loss: 14.6381]
Thu 17 Nov 2022 11:18:09 INFO  epoch 42 evaluating [time: 0.63s, valid_score: 0.192400]
Thu 17 Nov 2022 11:18:09 INFO  valid result: 
recall@10 : 0.1332    mrr@10 : 0.1924    ndcg@10 : 0.1171    hit@10 : 0.5027    precision@10 : 0.083
Thu 17 Nov 2022 11:18:10 INFO  epoch 43 training [time: 1.66s, train loss: 14.4013]
Thu 17 Nov 2022 11:18:11 INFO  epoch 43 evaluating [time: 0.67s, valid_score: 0.205100]
Thu 17 Nov 2022 11:18:11 INFO  valid result: 
recall@10 : 0.1351    mrr@10 : 0.2051    ndcg@10 : 0.1219    hit@10 : 0.509    precision@10 : 0.0847
Thu 17 Nov 2022 11:18:13 INFO  epoch 44 training [time: 1.67s, train loss: 14.3742]
Thu 17 Nov 2022 11:18:13 INFO  epoch 44 evaluating [time: 0.69s, valid_score: 0.209100]
Thu 17 Nov 2022 11:18:13 INFO  valid result: 
recall@10 : 0.1308    mrr@10 : 0.2091    ndcg@10 : 0.1198    hit@10 : 0.5058    precision@10 : 0.0828
Thu 17 Nov 2022 11:18:15 INFO  epoch 45 training [time: 1.67s, train loss: 14.1975]
Thu 17 Nov 2022 11:18:16 INFO  epoch 45 evaluating [time: 0.66s, valid_score: 0.207200]
Thu 17 Nov 2022 11:18:16 INFO  valid result: 
recall@10 : 0.1308    mrr@10 : 0.2072    ndcg@10 : 0.1197    hit@10 : 0.5016    precision@10 : 0.0834
Thu 17 Nov 2022 11:18:17 INFO  epoch 46 training [time: 1.69s, train loss: 14.0138]
Thu 17 Nov 2022 11:18:18 INFO  epoch 46 evaluating [time: 0.66s, valid_score: 0.208700]
Thu 17 Nov 2022 11:18:18 INFO  valid result: 
recall@10 : 0.13    mrr@10 : 0.2087    ndcg@10 : 0.121    hit@10 : 0.5069    precision@10 : 0.0823
Thu 17 Nov 2022 11:18:20 INFO  epoch 47 training [time: 1.65s, train loss: 13.9026]
Thu 17 Nov 2022 11:18:20 INFO  epoch 47 evaluating [time: 0.65s, valid_score: 0.206900]
Thu 17 Nov 2022 11:18:20 INFO  valid result: 
recall@10 : 0.1269    mrr@10 : 0.2069    ndcg@10 : 0.1193    hit@10 : 0.4973    precision@10 : 0.0811
Thu 17 Nov 2022 11:18:22 INFO  epoch 48 training [time: 1.66s, train loss: 13.8957]
Thu 17 Nov 2022 11:18:23 INFO  epoch 48 evaluating [time: 0.62s, valid_score: 0.205700]
Thu 17 Nov 2022 11:18:23 INFO  valid result: 
recall@10 : 0.1245    mrr@10 : 0.2057    ndcg@10 : 0.119    hit@10 : 0.4846    precision@10 : 0.0802
Thu 17 Nov 2022 11:18:24 INFO  epoch 49 training [time: 1.66s, train loss: 13.7104]
Thu 17 Nov 2022 11:18:25 INFO  epoch 49 evaluating [time: 0.67s, valid_score: 0.207000]
Thu 17 Nov 2022 11:18:25 INFO  valid result: 
recall@10 : 0.1261    mrr@10 : 0.207    ndcg@10 : 0.1192    hit@10 : 0.4931    precision@10 : 0.0811
Thu 17 Nov 2022 11:18:27 INFO  epoch 50 training [time: 1.66s, train loss: 13.6951]
Thu 17 Nov 2022 11:18:27 INFO  epoch 50 evaluating [time: 0.64s, valid_score: 0.216200]
Thu 17 Nov 2022 11:18:27 INFO  valid result: 
recall@10 : 0.1263    mrr@10 : 0.2162    ndcg@10 : 0.1218    hit@10 : 0.4973    precision@10 : 0.0819
Thu 17 Nov 2022 11:18:27 INFO  Saving current: saved\SSCDR-Nov-17-2022_11-08-08.pth
Thu 17 Nov 2022 11:18:29 INFO  epoch 51 training [time: 1.66s, train loss: 13.7413]
Thu 17 Nov 2022 11:18:30 INFO  epoch 51 evaluating [time: 0.67s, valid_score: 0.206400]
Thu 17 Nov 2022 11:18:30 INFO  valid result: 
recall@10 : 0.1298    mrr@10 : 0.2064    ndcg@10 : 0.1217    hit@10 : 0.4984    precision@10 : 0.0837
Thu 17 Nov 2022 11:18:31 INFO  epoch 52 training [time: 1.66s, train loss: 13.5690]
Thu 17 Nov 2022 11:18:32 INFO  epoch 52 evaluating [time: 0.64s, valid_score: 0.206400]
Thu 17 Nov 2022 11:18:32 INFO  valid result: 
recall@10 : 0.1323    mrr@10 : 0.2064    ndcg@10 : 0.1224    hit@10 : 0.5058    precision@10 : 0.0843
Thu 17 Nov 2022 11:18:34 INFO  epoch 53 training [time: 1.67s, train loss: 13.4819]
Thu 17 Nov 2022 11:18:34 INFO  epoch 53 evaluating [time: 0.68s, valid_score: 0.212300]
Thu 17 Nov 2022 11:18:34 INFO  valid result: 
recall@10 : 0.1293    mrr@10 : 0.2123    ndcg@10 : 0.1229    hit@10 : 0.5037    precision@10 : 0.0839
Thu 17 Nov 2022 11:18:36 INFO  epoch 54 training [time: 1.67s, train loss: 13.4617]
Thu 17 Nov 2022 11:18:37 INFO  epoch 54 evaluating [time: 0.64s, valid_score: 0.211300]
Thu 17 Nov 2022 11:18:37 INFO  valid result: 
recall@10 : 0.1341    mrr@10 : 0.2113    ndcg@10 : 0.1234    hit@10 : 0.5133    precision@10 : 0.0854
Thu 17 Nov 2022 11:18:38 INFO  epoch 55 training [time: 1.64s, train loss: 13.3713]
Thu 17 Nov 2022 11:18:39 INFO  epoch 55 evaluating [time: 0.73s, valid_score: 0.205900]
Thu 17 Nov 2022 11:18:39 INFO  valid result: 
recall@10 : 0.1305    mrr@10 : 0.2059    ndcg@10 : 0.12    hit@10 : 0.5154    precision@10 : 0.0839
Thu 17 Nov 2022 11:18:41 INFO  epoch 56 training [time: 1.64s, train loss: 13.3929]
Thu 17 Nov 2022 11:18:41 INFO  epoch 56 evaluating [time: 0.64s, valid_score: 0.206500]
Thu 17 Nov 2022 11:18:41 INFO  valid result: 
recall@10 : 0.1306    mrr@10 : 0.2065    ndcg@10 : 0.1213    hit@10 : 0.5143    precision@10 : 0.0849
Thu 17 Nov 2022 11:18:43 INFO  epoch 57 training [time: 1.67s, train loss: 13.3504]
Thu 17 Nov 2022 11:18:44 INFO  epoch 57 evaluating [time: 0.61s, valid_score: 0.205000]
Thu 17 Nov 2022 11:18:44 INFO  valid result: 
recall@10 : 0.133    mrr@10 : 0.205    ndcg@10 : 0.1213    hit@10 : 0.5186    precision@10 : 0.085
Thu 17 Nov 2022 11:18:45 INFO  epoch 58 training [time: 0.82s, train loss: 13.3085]
Thu 17 Nov 2022 11:18:45 INFO  epoch 58 evaluating [time: 0.22s, valid_score: 0.208400]
Thu 17 Nov 2022 11:18:45 INFO  valid result: 
recall@10 : 0.1304    mrr@10 : 0.2084    ndcg@10 : 0.1199    hit@10 : 0.5122    precision@10 : 0.0839
Thu 17 Nov 2022 11:18:45 INFO  epoch 59 training [time: 0.60s, train loss: 13.2714]
Thu 17 Nov 2022 11:18:46 INFO  epoch 59 evaluating [time: 0.19s, valid_score: 0.210900]
Thu 17 Nov 2022 11:18:46 INFO  valid result: 
recall@10 : 0.1288    mrr@10 : 0.2109    ndcg@10 : 0.1214    hit@10 : 0.5133    precision@10 : 0.0852
Thu 17 Nov 2022 11:18:46 INFO  epoch 60 training [time: 0.58s, train loss: 13.3186]
Thu 17 Nov 2022 11:18:46 INFO  epoch 60 evaluating [time: 0.20s, valid_score: 0.213400]
Thu 17 Nov 2022 11:18:46 INFO  valid result: 
recall@10 : 0.1318    mrr@10 : 0.2134    ndcg@10 : 0.1226    hit@10 : 0.5143    precision@10 : 0.0847
Thu 17 Nov 2022 11:18:47 INFO  epoch 61 training [time: 0.58s, train loss: 13.3292]
Thu 17 Nov 2022 11:18:47 INFO  epoch 61 evaluating [time: 0.20s, valid_score: 0.208200]
Thu 17 Nov 2022 11:18:47 INFO  valid result: 
recall@10 : 0.1294    mrr@10 : 0.2082    ndcg@10 : 0.1222    hit@10 : 0.5133    precision@10 : 0.0863
Thu 17 Nov 2022 11:18:47 INFO  Finished training, best eval result in epoch 50
Thu 17 Nov 2022 11:18:47 INFO  Start training with OVERLAP mode
Thu 17 Nov 2022 11:18:48 INFO  epoch 0 training [time: 0.78s, train loss: 3.1307]
Thu 17 Nov 2022 11:18:48 INFO  epoch 0 evaluating [time: 0.36s, valid_score: 0.151600]
Thu 17 Nov 2022 11:18:48 INFO  valid result: 
recall@10 : 0.0601    mrr@10 : 0.1516    ndcg@10 : 0.0698    hit@10 : 0.3298    precision@10 : 0.0476
Thu 17 Nov 2022 11:18:48 INFO  Saving current: saved\SSCDR-Nov-17-2022_11-08-08.pth
Thu 17 Nov 2022 11:18:49 INFO  epoch 1 training [time: 0.71s, train loss: 2.7263]
Thu 17 Nov 2022 11:18:49 INFO  epoch 1 evaluating [time: 0.39s, valid_score: 0.170300]
Thu 17 Nov 2022 11:18:49 INFO  valid result: 
recall@10 : 0.0593    mrr@10 : 0.1703    ndcg@10 : 0.0777    hit@10 : 0.3489    precision@10 : 0.0554
Thu 17 Nov 2022 11:18:49 INFO  Saving current: saved\SSCDR-Nov-17-2022_11-08-08.pth
Thu 17 Nov 2022 11:18:50 INFO  epoch 2 training [time: 0.74s, train loss: 2.6321]
Thu 17 Nov 2022 11:18:51 INFO  epoch 2 evaluating [time: 0.35s, valid_score: 0.163500]
Thu 17 Nov 2022 11:18:51 INFO  valid result: 
recall@10 : 0.0581    mrr@10 : 0.1635    ndcg@10 : 0.0757    hit@10 : 0.3552    precision@10 : 0.0555
Thu 17 Nov 2022 11:18:51 INFO  epoch 3 training [time: 0.78s, train loss: 2.4598]
Thu 17 Nov 2022 11:18:52 INFO  epoch 3 evaluating [time: 0.31s, valid_score: 0.166100]
Thu 17 Nov 2022 11:18:52 INFO  valid result: 
recall@10 : 0.0623    mrr@10 : 0.1661    ndcg@10 : 0.0775    hit@10 : 0.3552    precision@10 : 0.0551
Thu 17 Nov 2022 11:18:52 INFO  epoch 4 training [time: 0.74s, train loss: 2.4244]
Thu 17 Nov 2022 11:18:53 INFO  epoch 4 evaluating [time: 0.31s, valid_score: 0.174400]
Thu 17 Nov 2022 11:18:53 INFO  valid result: 
recall@10 : 0.0706    mrr@10 : 0.1744    ndcg@10 : 0.084    hit@10 : 0.3871    precision@10 : 0.0615
Thu 17 Nov 2022 11:18:53 INFO  Saving current: saved\SSCDR-Nov-17-2022_11-08-08.pth
Thu 17 Nov 2022 11:18:53 INFO  epoch 5 training [time: 0.67s, train loss: 2.3458]
Thu 17 Nov 2022 11:18:54 INFO  epoch 5 evaluating [time: 0.35s, valid_score: 0.167000]
Thu 17 Nov 2022 11:18:54 INFO  valid result: 
recall@10 : 0.0726    mrr@10 : 0.167    ndcg@10 : 0.0827    hit@10 : 0.3743    precision@10 : 0.0618
Thu 17 Nov 2022 11:18:55 INFO  epoch 6 training [time: 0.74s, train loss: 2.2942]
Thu 17 Nov 2022 11:18:55 INFO  epoch 6 evaluating [time: 0.34s, valid_score: 0.175400]
Thu 17 Nov 2022 11:18:55 INFO  valid result: 
recall@10 : 0.0795    mrr@10 : 0.1754    ndcg@10 : 0.0887    hit@10 : 0.4019    precision@10 : 0.0667
Thu 17 Nov 2022 11:18:55 INFO  Saving current: saved\SSCDR-Nov-17-2022_11-08-08.pth
Thu 17 Nov 2022 11:18:56 INFO  epoch 7 training [time: 0.71s, train loss: 2.2833]
Thu 17 Nov 2022 11:18:56 INFO  epoch 7 evaluating [time: 0.35s, valid_score: 0.166800]
Thu 17 Nov 2022 11:18:56 INFO  valid result: 
recall@10 : 0.0746    mrr@10 : 0.1668    ndcg@10 : 0.0851    hit@10 : 0.3796    precision@10 : 0.0655
Thu 17 Nov 2022 11:18:57 INFO  epoch 8 training [time: 0.74s, train loss: 2.2185]
Thu 17 Nov 2022 11:18:57 INFO  epoch 8 evaluating [time: 0.33s, valid_score: 0.175100]
Thu 17 Nov 2022 11:18:57 INFO  valid result: 
recall@10 : 0.0805    mrr@10 : 0.1751    ndcg@10 : 0.0904    hit@10 : 0.4093    precision@10 : 0.0682
Thu 17 Nov 2022 11:18:58 INFO  epoch 9 training [time: 0.71s, train loss: 2.2333]
Thu 17 Nov 2022 11:18:58 INFO  epoch 9 evaluating [time: 0.35s, valid_score: 0.179400]
Thu 17 Nov 2022 11:18:58 INFO  valid result: 
recall@10 : 0.0839    mrr@10 : 0.1794    ndcg@10 : 0.0921    hit@10 : 0.4157    precision@10 : 0.0679
Thu 17 Nov 2022 11:18:58 INFO  Saving current: saved\SSCDR-Nov-17-2022_11-08-08.pth
Thu 17 Nov 2022 11:18:59 INFO  epoch 10 training [time: 0.71s, train loss: 2.2405]
Thu 17 Nov 2022 11:18:59 INFO  epoch 10 evaluating [time: 0.33s, valid_score: 0.189800]
Thu 17 Nov 2022 11:18:59 INFO  valid result: 
recall@10 : 0.0853    mrr@10 : 0.1898    ndcg@10 : 0.0976    hit@10 : 0.4199    precision@10 : 0.0727
Thu 17 Nov 2022 11:18:59 INFO  Saving current: saved\SSCDR-Nov-17-2022_11-08-08.pth
Thu 17 Nov 2022 11:19:00 INFO  epoch 11 training [time: 0.70s, train loss: 2.2083]
Thu 17 Nov 2022 11:19:00 INFO  epoch 11 evaluating [time: 0.33s, valid_score: 0.183300]
Thu 17 Nov 2022 11:19:00 INFO  valid result: 
recall@10 : 0.0851    mrr@10 : 0.1833    ndcg@10 : 0.0956    hit@10 : 0.4146    precision@10 : 0.0716
Thu 17 Nov 2022 11:19:01 INFO  epoch 12 training [time: 0.68s, train loss: 2.2292]
Thu 17 Nov 2022 11:19:01 INFO  epoch 12 evaluating [time: 0.33s, valid_score: 0.185600]
Thu 17 Nov 2022 11:19:01 INFO  valid result: 
recall@10 : 0.087    mrr@10 : 0.1856    ndcg@10 : 0.0977    hit@10 : 0.4242    precision@10 : 0.0733
Thu 17 Nov 2022 11:19:02 INFO  epoch 13 training [time: 0.71s, train loss: 2.1969]
Thu 17 Nov 2022 11:19:02 INFO  epoch 13 evaluating [time: 0.38s, valid_score: 0.179800]
Thu 17 Nov 2022 11:19:02 INFO  valid result: 
recall@10 : 0.083    mrr@10 : 0.1798    ndcg@10 : 0.0943    hit@10 : 0.4093    precision@10 : 0.0697
Thu 17 Nov 2022 11:19:03 INFO  epoch 14 training [time: 0.72s, train loss: 2.1832]
Thu 17 Nov 2022 11:19:03 INFO  epoch 14 evaluating [time: 0.36s, valid_score: 0.180600]
Thu 17 Nov 2022 11:19:03 INFO  valid result: 
recall@10 : 0.0843    mrr@10 : 0.1806    ndcg@10 : 0.0945    hit@10 : 0.4125    precision@10 : 0.0697
Thu 17 Nov 2022 11:19:04 INFO  epoch 15 training [time: 0.75s, train loss: 2.1697]
Thu 17 Nov 2022 11:19:05 INFO  epoch 15 evaluating [time: 0.38s, valid_score: 0.183000]
Thu 17 Nov 2022 11:19:05 INFO  valid result: 
recall@10 : 0.0888    mrr@10 : 0.183    ndcg@10 : 0.0973    hit@10 : 0.4295    precision@10 : 0.0719
Thu 17 Nov 2022 11:19:05 INFO  epoch 16 training [time: 0.71s, train loss: 2.1348]
Thu 17 Nov 2022 11:19:06 INFO  epoch 16 evaluating [time: 0.33s, valid_score: 0.191700]
Thu 17 Nov 2022 11:19:06 INFO  valid result: 
recall@10 : 0.0957    mrr@10 : 0.1917    ndcg@10 : 0.1042    hit@10 : 0.4539    precision@10 : 0.0775
Thu 17 Nov 2022 11:19:06 INFO  Saving current: saved\SSCDR-Nov-17-2022_11-08-08.pth
Thu 17 Nov 2022 11:19:06 INFO  epoch 17 training [time: 0.71s, train loss: 2.0924]
Thu 17 Nov 2022 11:19:07 INFO  epoch 17 evaluating [time: 0.35s, valid_score: 0.173000]
Thu 17 Nov 2022 11:19:07 INFO  valid result: 
recall@10 : 0.0999    mrr@10 : 0.173    ndcg@10 : 0.0984    hit@10 : 0.4549    precision@10 : 0.0738
Thu 17 Nov 2022 11:19:07 INFO  epoch 18 training [time: 0.71s, train loss: 2.0914]
Thu 17 Nov 2022 11:19:08 INFO  epoch 18 evaluating [time: 0.33s, valid_score: 0.186300]
Thu 17 Nov 2022 11:19:08 INFO  valid result: 
recall@10 : 0.0961    mrr@10 : 0.1863    ndcg@10 : 0.1021    hit@10 : 0.4454    precision@10 : 0.0736
Thu 17 Nov 2022 11:19:08 INFO  epoch 19 training [time: 0.72s, train loss: 2.0934]
Thu 17 Nov 2022 11:19:09 INFO  epoch 19 evaluating [time: 0.31s, valid_score: 0.197400]
Thu 17 Nov 2022 11:19:09 INFO  valid result: 
recall@10 : 0.1014    mrr@10 : 0.1974    ndcg@10 : 0.1068    hit@10 : 0.4581    precision@10 : 0.0786
Thu 17 Nov 2022 11:19:09 INFO  Saving current: saved\SSCDR-Nov-17-2022_11-08-08.pth
Thu 17 Nov 2022 11:19:09 INFO  epoch 20 training [time: 0.69s, train loss: 1.9681]
Thu 17 Nov 2022 11:19:10 INFO  epoch 20 evaluating [time: 0.36s, valid_score: 0.200700]
Thu 17 Nov 2022 11:19:10 INFO  valid result: 
recall@10 : 0.106    mrr@10 : 0.2007    ndcg@10 : 0.1094    hit@10 : 0.4698    precision@10 : 0.0796
Thu 17 Nov 2022 11:19:10 INFO  Saving current: saved\SSCDR-Nov-17-2022_11-08-08.pth
Thu 17 Nov 2022 11:19:11 INFO  epoch 21 training [time: 0.69s, train loss: 2.0280]
Thu 17 Nov 2022 11:19:11 INFO  epoch 21 evaluating [time: 0.33s, valid_score: 0.190100]
Thu 17 Nov 2022 11:19:11 INFO  valid result: 
recall@10 : 0.1067    mrr@10 : 0.1901    ndcg@10 : 0.1054    hit@10 : 0.4655    precision@10 : 0.077
Thu 17 Nov 2022 11:19:12 INFO  epoch 22 training [time: 0.69s, train loss: 1.9484]
Thu 17 Nov 2022 11:19:12 INFO  epoch 22 evaluating [time: 0.35s, valid_score: 0.190700]
Thu 17 Nov 2022 11:19:12 INFO  valid result: 
recall@10 : 0.1078    mrr@10 : 0.1907    ndcg@10 : 0.1075    hit@10 : 0.4698    precision@10 : 0.0793
Thu 17 Nov 2022 11:19:13 INFO  epoch 23 training [time: 0.67s, train loss: 2.1054]
Thu 17 Nov 2022 11:19:13 INFO  epoch 23 evaluating [time: 0.35s, valid_score: 0.186600]
Thu 17 Nov 2022 11:19:13 INFO  valid result: 
recall@10 : 0.1076    mrr@10 : 0.1866    ndcg@10 : 0.1066    hit@10 : 0.4645    precision@10 : 0.0767
Thu 17 Nov 2022 11:19:14 INFO  epoch 24 training [time: 0.66s, train loss: 2.0358]
Thu 17 Nov 2022 11:19:14 INFO  epoch 24 evaluating [time: 0.34s, valid_score: 0.180000]
Thu 17 Nov 2022 11:19:14 INFO  valid result: 
recall@10 : 0.1055    mrr@10 : 0.18    ndcg@10 : 0.102    hit@10 : 0.4592    precision@10 : 0.075
Thu 17 Nov 2022 11:19:15 INFO  epoch 25 training [time: 0.69s, train loss: 2.0283]
Thu 17 Nov 2022 11:19:15 INFO  epoch 25 evaluating [time: 0.36s, valid_score: 0.188200]
Thu 17 Nov 2022 11:19:15 INFO  valid result: 
recall@10 : 0.111    mrr@10 : 0.1882    ndcg@10 : 0.1076    hit@10 : 0.4655    precision@10 : 0.0784
Thu 17 Nov 2022 11:19:16 INFO  epoch 26 training [time: 0.68s, train loss: 2.0042]
Thu 17 Nov 2022 11:19:16 INFO  epoch 26 evaluating [time: 0.35s, valid_score: 0.189000]
Thu 17 Nov 2022 11:19:16 INFO  valid result: 
recall@10 : 0.1029    mrr@10 : 0.189    ndcg@10 : 0.1043    hit@10 : 0.4528    precision@10 : 0.0762
Thu 17 Nov 2022 11:19:17 INFO  epoch 27 training [time: 0.72s, train loss: 2.0403]
Thu 17 Nov 2022 11:19:17 INFO  epoch 27 evaluating [time: 0.33s, valid_score: 0.194600]
Thu 17 Nov 2022 11:19:17 INFO  valid result: 
recall@10 : 0.1075    mrr@10 : 0.1946    ndcg@10 : 0.1084    hit@10 : 0.4655    precision@10 : 0.0787
Thu 17 Nov 2022 11:19:18 INFO  epoch 28 training [time: 0.69s, train loss: 1.9524]
Thu 17 Nov 2022 11:19:18 INFO  epoch 28 evaluating [time: 0.36s, valid_score: 0.205500]
Thu 17 Nov 2022 11:19:18 INFO  valid result: 
recall@10 : 0.1126    mrr@10 : 0.2055    ndcg@10 : 0.1124    hit@10 : 0.4836    precision@10 : 0.0801
Thu 17 Nov 2022 11:19:18 INFO  Saving current: saved\SSCDR-Nov-17-2022_11-08-08.pth
Thu 17 Nov 2022 11:19:19 INFO  epoch 29 training [time: 0.71s, train loss: 1.9316]
Thu 17 Nov 2022 11:19:19 INFO  epoch 29 evaluating [time: 0.33s, valid_score: 0.194600]
Thu 17 Nov 2022 11:19:19 INFO  valid result: 
recall@10 : 0.1188    mrr@10 : 0.1946    ndcg@10 : 0.1124    hit@10 : 0.4836    precision@10 : 0.0804
Thu 17 Nov 2022 11:19:20 INFO  epoch 30 training [time: 0.71s, train loss: 1.8949]
Thu 17 Nov 2022 11:19:20 INFO  epoch 30 evaluating [time: 0.35s, valid_score: 0.200100]
Thu 17 Nov 2022 11:19:20 INFO  valid result: 
recall@10 : 0.1108    mrr@10 : 0.2001    ndcg@10 : 0.1118    hit@10 : 0.4772    precision@10 : 0.0808
Thu 17 Nov 2022 11:19:21 INFO  epoch 31 training [time: 0.71s, train loss: 2.0062]
Thu 17 Nov 2022 11:19:21 INFO  epoch 31 evaluating [time: 0.30s, valid_score: 0.198900]
Thu 17 Nov 2022 11:19:21 INFO  valid result: 
recall@10 : 0.115    mrr@10 : 0.1989    ndcg@10 : 0.1135    hit@10 : 0.4825    precision@10 : 0.0817
Thu 17 Nov 2022 11:19:22 INFO  epoch 32 training [time: 0.71s, train loss: 1.9161]
Thu 17 Nov 2022 11:19:22 INFO  epoch 32 evaluating [time: 0.33s, valid_score: 0.206200]
Thu 17 Nov 2022 11:19:22 INFO  valid result: 
recall@10 : 0.119    mrr@10 : 0.2062    ndcg@10 : 0.1184    hit@10 : 0.4973    precision@10 : 0.0854
Thu 17 Nov 2022 11:19:22 INFO  Saving current: saved\SSCDR-Nov-17-2022_11-08-08.pth
Thu 17 Nov 2022 11:19:23 INFO  epoch 33 training [time: 0.69s, train loss: 1.9176]
Thu 17 Nov 2022 11:19:23 INFO  epoch 33 evaluating [time: 0.38s, valid_score: 0.194200]
Thu 17 Nov 2022 11:19:23 INFO  valid result: 
recall@10 : 0.1154    mrr@10 : 0.1942    ndcg@10 : 0.1117    hit@10 : 0.4878    precision@10 : 0.0814
Thu 17 Nov 2022 11:19:24 INFO  epoch 34 training [time: 0.69s, train loss: 1.9388]
Thu 17 Nov 2022 11:19:24 INFO  epoch 34 evaluating [time: 0.34s, valid_score: 0.206200]
Thu 17 Nov 2022 11:19:24 INFO  valid result: 
recall@10 : 0.1184    mrr@10 : 0.2062    ndcg@10 : 0.1158    hit@10 : 0.4952    precision@10 : 0.0825
Thu 17 Nov 2022 11:19:24 INFO  Saving current: saved\SSCDR-Nov-17-2022_11-08-08.pth
Thu 17 Nov 2022 11:19:25 INFO  epoch 35 training [time: 0.69s, train loss: 1.9002]
Thu 17 Nov 2022 11:19:25 INFO  epoch 35 evaluating [time: 0.35s, valid_score: 0.201100]
Thu 17 Nov 2022 11:19:25 INFO  valid result: 
recall@10 : 0.1122    mrr@10 : 0.2011    ndcg@10 : 0.1126    hit@10 : 0.4793    precision@10 : 0.0812
Thu 17 Nov 2022 11:19:26 INFO  epoch 36 training [time: 0.71s, train loss: 1.9003]
Thu 17 Nov 2022 11:19:27 INFO  epoch 36 evaluating [time: 0.32s, valid_score: 0.211100]
Thu 17 Nov 2022 11:19:27 INFO  valid result: 
recall@10 : 0.1221    mrr@10 : 0.2111    ndcg@10 : 0.1197    hit@10 : 0.5048    precision@10 : 0.0858
Thu 17 Nov 2022 11:19:27 INFO  Saving current: saved\SSCDR-Nov-17-2022_11-08-08.pth
Thu 17 Nov 2022 11:19:27 INFO  epoch 37 training [time: 0.68s, train loss: 1.9899]
Thu 17 Nov 2022 11:19:28 INFO  epoch 37 evaluating [time: 0.33s, valid_score: 0.205500]
Thu 17 Nov 2022 11:19:28 INFO  valid result: 
recall@10 : 0.1189    mrr@10 : 0.2055    ndcg@10 : 0.1151    hit@10 : 0.5005    precision@10 : 0.0825
Thu 17 Nov 2022 11:19:28 INFO  epoch 38 training [time: 0.71s, train loss: 1.8805]
Thu 17 Nov 2022 11:19:29 INFO  epoch 38 evaluating [time: 0.36s, valid_score: 0.205300]
Thu 17 Nov 2022 11:19:29 INFO  valid result: 
recall@10 : 0.1204    mrr@10 : 0.2053    ndcg@10 : 0.1156    hit@10 : 0.5016    precision@10 : 0.0831
Thu 17 Nov 2022 11:19:29 INFO  epoch 39 training [time: 0.69s, train loss: 1.8635]
Thu 17 Nov 2022 11:19:30 INFO  epoch 39 evaluating [time: 0.35s, valid_score: 0.189900]
Thu 17 Nov 2022 11:19:30 INFO  valid result: 
recall@10 : 0.107    mrr@10 : 0.1899    ndcg@10 : 0.1081    hit@10 : 0.474    precision@10 : 0.0812
Thu 17 Nov 2022 11:19:30 INFO  epoch 40 training [time: 0.71s, train loss: 1.7860]
Thu 17 Nov 2022 11:19:31 INFO  epoch 40 evaluating [time: 0.34s, valid_score: 0.204500]
Thu 17 Nov 2022 11:19:31 INFO  valid result: 
recall@10 : 0.1089    mrr@10 : 0.2045    ndcg@10 : 0.1131    hit@10 : 0.4867    precision@10 : 0.0844
Thu 17 Nov 2022 11:19:31 INFO  epoch 41 training [time: 0.68s, train loss: 1.8442]
Thu 17 Nov 2022 11:19:32 INFO  epoch 41 evaluating [time: 0.36s, valid_score: 0.197900]
Thu 17 Nov 2022 11:19:32 INFO  valid result: 
recall@10 : 0.1075    mrr@10 : 0.1979    ndcg@10 : 0.1096    hit@10 : 0.4772    precision@10 : 0.0817
Thu 17 Nov 2022 11:19:32 INFO  epoch 42 training [time: 0.67s, train loss: 1.8374]
Thu 17 Nov 2022 11:19:33 INFO  epoch 42 evaluating [time: 0.34s, valid_score: 0.204300]
Thu 17 Nov 2022 11:19:33 INFO  valid result: 
recall@10 : 0.1139    mrr@10 : 0.2043    ndcg@10 : 0.1138    hit@10 : 0.4836    precision@10 : 0.0831
Thu 17 Nov 2022 11:19:33 INFO  epoch 43 training [time: 0.68s, train loss: 1.8321]
Thu 17 Nov 2022 11:19:34 INFO  epoch 43 evaluating [time: 0.33s, valid_score: 0.209800]
Thu 17 Nov 2022 11:19:34 INFO  valid result: 
recall@10 : 0.1153    mrr@10 : 0.2098    ndcg@10 : 0.117    hit@10 : 0.491    precision@10 : 0.0847
Thu 17 Nov 2022 11:19:35 INFO  epoch 44 training [time: 0.69s, train loss: 1.7906]
Thu 17 Nov 2022 11:19:35 INFO  epoch 44 evaluating [time: 0.33s, valid_score: 0.199800]
Thu 17 Nov 2022 11:19:35 INFO  valid result: 
recall@10 : 0.1203    mrr@10 : 0.1998    ndcg@10 : 0.1151    hit@10 : 0.4952    precision@10 : 0.0835
Thu 17 Nov 2022 11:19:36 INFO  epoch 45 training [time: 0.70s, train loss: 1.7682]
Thu 17 Nov 2022 11:19:36 INFO  epoch 45 evaluating [time: 0.35s, valid_score: 0.202400]
Thu 17 Nov 2022 11:19:36 INFO  valid result: 
recall@10 : 0.1084    mrr@10 : 0.2024    ndcg@10 : 0.1127    hit@10 : 0.4783    precision@10 : 0.0828
Thu 17 Nov 2022 11:19:37 INFO  epoch 46 training [time: 0.71s, train loss: 1.8077]
Thu 17 Nov 2022 11:19:37 INFO  epoch 46 evaluating [time: 0.31s, valid_score: 0.210400]
Thu 17 Nov 2022 11:19:37 INFO  valid result: 
recall@10 : 0.1164    mrr@10 : 0.2104    ndcg@10 : 0.1177    hit@10 : 0.492    precision@10 : 0.0869
Thu 17 Nov 2022 11:19:38 INFO  epoch 47 training [time: 0.74s, train loss: 1.7715]
Thu 17 Nov 2022 11:19:38 INFO  epoch 47 evaluating [time: 0.31s, valid_score: 0.201000]
Thu 17 Nov 2022 11:19:38 INFO  valid result: 
recall@10 : 0.1132    mrr@10 : 0.201    ndcg@10 : 0.1133    hit@10 : 0.492    precision@10 : 0.0836
Thu 17 Nov 2022 11:19:38 INFO  Finished training, best eval result in epoch 36
Thu 17 Nov 2022 11:19:38 INFO  Loading model structure and parameters from saved\SSCDR-Nov-17-2022_11-08-08.pth
Thu 17 Nov 2022 11:19:38 INFO  best valid : OrderedDict([('recall@10', 0.1221), ('mrr@10', 0.2111), ('ndcg@10', 0.1197), ('hit@10', 0.5048), ('precision@10', 0.0858)])
Thu 17 Nov 2022 11:19:38 INFO  test result: OrderedDict([('recall@10', 0.132), ('mrr@10', 0.2284), ('ndcg@10', 0.1366), ('hit@10', 0.5196), ('precision@10', 0.1036)])
